Start testing: Aug 12 12:43 MSK
----------------------------------------------------------
1/1 Testing: CppTasksTests
1/1 Test: CppTasksTests
Command: "/home/yistarostin/Programming/CppTasks/build/test/CppTasksTests"
Directory: /home/yistarostin/Programming/CppTasks/build/test
"CppTasksTests" start time: Aug 12 12:43 MSK
Output:
----------------------------------------------------------
Running main() from /home/yistarostin/Programming/CppTasks/googletest/googletest/src/gtest_main.cc
[==========] Running 1 test from 1 test suite.
[----------] Global test environment set-up.
[----------] 1 test from vectorTests
[ RUN      ] vectorTests.DemonstrateGTestmacros
[       OK ] vectorTests.DemonstrateGTestmacros (0 ms)
[----------] 1 test from vectorTests (0 ms total)

[----------] Global test environment tear-down
[==========] 1 test from 1 test suite ran. (0 ms total)
[  PASSED  ] 1 test.
<end of output>
Test time =   0.19 sec
----------------------------------------------------------
Test Passed.
"CppTasksTests" end time: Aug 12 12:43 MSK
"CppTasksTests" time elapsed: 00:00:00
----------------------------------------------------------

End testing: Aug 12 12:43 MSK
