<?xml version="1.0" encoding="UTF-8"?>
<Site BuildName="(empty)"
	BuildStamp="20200812-0943-Experimental"
	Name="(empty)"
	Generator="ctest-3.18.1"
	CompilerName=""
	CompilerVersion=""
	OSName="Linux"
	Hostname="arch-desktop"
	OSRelease="5.7.12-arch1-1"
	OSVersion="#1 SMP PREEMPT Fri, 31 Jul 2020 17:38:22 +0000"
	OSPlatform="x86_64"
	Is64Bits="1"
	VendorString="GenuineIntel"
	VendorID="Intel Corporation"
	FamilyID="6"
	ModelID="42"
	ProcessorCacheSize="8192"
	NumberOfLogicalCPU="8"
	NumberOfPhysicalCPU="4"
	TotalVirtualMemory="32767"
	TotalPhysicalMemory="15993"
	LogicalProcessorsPerPhysical="2"
	ProcessorClockFrequency="3392.36"
	>
	<Testing>
		<StartDateTime>Aug 12 21:53 MSK</StartDateTime>
		<StartTestTime>1597258425</StartTestTime>
		<TestList>
			<Test>./test/CppTasksTests</Test>
		</TestList>
		<Test Status="passed">
			<Name>CppTasksTests</Name>
			<Path>./test</Path>
			<FullName>./test/CppTasksTests</FullName>
			<FullCommandLine>/home/yistarostin/Programming/CppTasks/build/test/CppTasksTests</FullCommandLine>
			<Results>
				<NamedMeasurement type="numeric/double" name="Execution Time">
					<Value>0.00300436</Value>
				</NamedMeasurement>
				<NamedMeasurement type="numeric/double" name="Processors">
					<Value>1</Value>
				</NamedMeasurement>
				<NamedMeasurement type="text/string" name="Completion Status">
					<Value>Completed</Value>
				</NamedMeasurement>
				<NamedMeasurement type="text/string" name="Command Line">
					<Value>/home/yistarostin/Programming/CppTasks/build/test/CppTasksTests</Value>
				</NamedMeasurement>
				<NamedMeasurement type="text/string" name="Environment">
					<Value>#CTEST_RESOURCE_GROUP_COUNT=</Value>
				</NamedMeasurement>
				<Measurement>
					<Value encoding="base64" compression="gzip">eJyNkMFqwzAMhu9+Ch2bg53kAXYYdPQw6EbanUIYrqsFg20VW+lef/FcSjoY5D9J1od+6++mEGwYwWsbNhV8RfJQnybrzvXImLhO0dQj0egwtzKiQ51QtqptVLOYFDBXn3mXMkb0T3cN0N2MWshMMbrVabKMSvTyrgF2jk7alTmGq40UPIaZRZbT5Q+83HlFwxSPc59ED93HHn41LAdqi55C4qgZd/nFaxMp80Vvr6t42DTgU7XqL4UFJtauEutuZdRRnuk7PCb5X4IQdVCPPvNB78+Hw8s2B1BYJX4AEoOg4g==</Value>
				</Measurement>
			</Results>
		</Test>
		<EndDateTime>Aug 12 21:53 MSK</EndDateTime>
		<EndTestTime>1597258425</EndTestTime>
		<ElapsedMinutes>0</ElapsedMinutes>
	</Testing>
</Site>
