<?xml version="1.0" encoding="UTF-8"?>
<Site BuildName="(empty)"
	BuildStamp="20200812-0943-Experimental"
	Name="(empty)"
	Generator="ctest-3.18.1"
	CompilerName=""
	CompilerVersion=""
	OSName="Linux"
	Hostname="arch-desktop"
	OSRelease="5.7.12-arch1-1"
	OSVersion="#1 SMP PREEMPT Fri, 31 Jul 2020 17:38:22 +0000"
	OSPlatform="x86_64"
	Is64Bits="1"
	VendorString="GenuineIntel"
	VendorID="Intel Corporation"
	FamilyID="6"
	ModelID="42"
	ProcessorCacheSize="8192"
	NumberOfLogicalCPU="8"
	NumberOfPhysicalCPU="4"
	TotalVirtualMemory="32767"
	TotalPhysicalMemory="15993"
	LogicalProcessorsPerPhysical="2"
	ProcessorClockFrequency="2324.71"
	>
	<Testing>
		<StartDateTime>Aug 12 17:26 MSK</StartDateTime>
		<StartTestTime>1597242398</StartTestTime>
		<TestList>
			<Test>./test/CppTasksTests</Test>
		</TestList>
		<Test Status="failed">
			<Name>CppTasksTests</Name>
			<Path>./test</Path>
			<FullName>./test/CppTasksTests</FullName>
			<FullCommandLine>/home/yistarostin/Programming/CppTasks/build/test/CppTasksTests</FullCommandLine>
			<Results>
				<NamedMeasurement type="text/string" name="Exit Code">
					<Value>Failed</Value>
				</NamedMeasurement>
				<NamedMeasurement type="text/string" name="Exit Value">
					<Value>1</Value>
				</NamedMeasurement>
				<NamedMeasurement type="numeric/double" name="Execution Time">
					<Value>0.00306002</Value>
				</NamedMeasurement>
				<NamedMeasurement type="numeric/double" name="Processors">
					<Value>1</Value>
				</NamedMeasurement>
				<NamedMeasurement type="text/string" name="Completion Status">
					<Value>Completed</Value>
				</NamedMeasurement>
				<NamedMeasurement type="text/string" name="Command Line">
					<Value>/home/yistarostin/Programming/CppTasks/build/test/CppTasksTests</Value>
				</NamedMeasurement>
				<NamedMeasurement type="text/string" name="Environment">
					<Value>#CTEST_RESOURCE_GROUP_COUNT=</Value>
				</NamedMeasurement>
				<Measurement>
					<Value encoding="base64" compression="gzip">eJyVUdtqwkAQfd+vmCdRqImXQiHgg9QLhVJE076EUNZ1TEP3Evai7d93k6gkhUI6T3N2zp7Dmdk6KXOZgaC57A/gqJWA8EMJDL9zY6lWxuYy3GiVaSqEZ4aPRRFT82nCTKmMo0Vjm63RLMzK7r2UDBgjyexWKWwvfmMoObXfpTcutxiQZHirFNZc7Smv5yhPuVZSoPRctENX/CI3NU/IrNKxx4YksH19garS5iBYoFDSWE0trssXQZkPTDrmr+I25VhRRA8RrGjOnUbyRrlDUMeo9ExGKcxmMIVer4LjCk6ucNKeTit4TwDmzDrKIzhSbpAsvwrvh4cIrHbog8Fq/vS8XHQLBv0RCDPotLSaC1ZZygek21EsUj08qLNsn/yvU4OmMmj7+ECb+W5XBxpVXBO0Y9YKd8D9efAAe+TqHP13E4R4ncuHeLmLyQ9vs/te====</Value>
				</Measurement>
			</Results>
		</Test>
		<EndDateTime>Aug 12 17:26 MSK</EndDateTime>
		<EndTestTime>1597242398</EndTestTime>
		<ElapsedMinutes>0</ElapsedMinutes>
	</Testing>
</Site>
